jdsdk_lib/build/outputs/logs/manifest-merger-debug-report.txt
-- Merging decision tree log ---
manifest
ADDED from src/main/AndroidManifest.xml:1:39-18:12
INJECTED from src/main/AndroidManifest.xml:1:39-18:12
INJECTED from src/main/AndroidManifest.xml:1:39-18:12
	package
		ADDED from src/main/AndroidManifest.xml:1:108-130
		INJECTED from src/main/AndroidManifest.xml
		INJECTED from src/main/AndroidManifest.xml
	xmlns:android
		ADDED from src/main/AndroidManifest.xml:1:49-107
application
ADDED from src/main/AndroidManifest.xml:4:5-14:19
	android:allowBackup
		ADDED from src/main/AndroidManifest.xml:4:18-44
activity#com.kepler.jd.sdk.KeplerBackActivity
ADDED from src/main/AndroidManifest.xml:7:9-13:20
	android:exported
		ADDED from src/main/AndroidManifest.xml:7:19-42
	android:theme
		ADDED from src/main/AndroidManifest.xml:7:95-143
	android:name
		ADDED from src/main/AndroidManifest.xml:7:43-94
intent-filter#action:name:android.intent.action.VIEW+category:name:android.intent.category.DEFAULT+data:scheme:sdkbackf2b1f4e0ef5a499d839788ef561474c7
ADDED from src/main/AndroidManifest.xml:8:13-12:29
action#android.intent.action.VIEW
ADDED from src/main/AndroidManifest.xml:9:17-68
	android:name
		ADDED from src/main/AndroidManifest.xml:9:25-66
category#android.intent.category.DEFAULT
ADDED from src/main/AndroidManifest.xml:10:17-75
	android:name
		ADDED from src/main/AndroidManifest.xml:10:27-73
data
ADDED from src/main/AndroidManifest.xml:11:17-81
	android:scheme
		ADDED from src/main/AndroidManifest.xml:11:23-79
uses-sdk
INJECTED from src/main/AndroidManifest.xml reason: use-sdk injection requested
INJECTED from src/main/AndroidManifest.xml
INJECTED from src/main/AndroidManifest.xml
INJECTED from src/main/AndroidManifest.xml
INJECTED from src/main/AndroidManifest.xml
	android:targetSdkVersion
		INJECTED from src/main/AndroidManifest.xml
		ADDED from src/main/AndroidManifest.xml
		INJECTED from src/main/AndroidManifest.xml
	android:minSdkVersion
		INJECTED from src/main/AndroidManifest.xml
		ADDED from src/main/AndroidManifest.xml
		INJECTED from src/main/AndroidManifest.xml